0 verbose cli C:\Program Files\nodejs\node.exe C:\Program Files\nodejs\node_modules\npm\bin\npm-cli.js
1 info using npm@10.8.2
2 info using node@v20.19.0
3 silly config load:file:C:\Users\MSI-PC\AppData\Roaming\nvm\v20.19.0\node_modules\npm\npmrc
4 silly config load:file:D:\NaviMailX\.npmrc
5 silly config load:file:C:\Users\MSI-PC\.npmrc
6 silly config load:file:C:\Program Files\nodejs\etc\npmrc
7 verbose title npm install
8 verbose argv "install" "--cache" "D:\\NaviMailX\\.npm-cache"
9 verbose logfile logs-max:10 dir:D:\NaviMailX\.npm-cache\_logs\2026-04-26T11_16_36_906Z-
10 verbose logfile D:\NaviMailX\.npm-cache\_logs\2026-04-26T11_16_36_906Z-debug-0.log
11 silly packumentCache heap:4345298944 maxSize:1086324736 maxEntrySize:543162368
12 silly logfile done cleaning log files
13 silly idealTree buildDeps
14 silly fetch manifest express@^4.21.2
15 silly packumentCache full:https://registry.npmjs.org/express cache-miss
16 http fetch GET 200 https://registry.npmjs.org/express 424ms (cache miss)
17 silly packumentCache full:https://registry.npmjs.org/express set size:undefined disposed:false
18 silly placeDep ROOT express@4.22.1 OK for: navimailx@1.0.0 want: ^4.21.2
19 silly fetch manifest qs@~6.14.0
20 silly packumentCache full:https://registry.npmjs.org/qs cache-miss
21 silly fetch manifest depd@2.0.0
22 silly packumentCache full:https://registry.npmjs.org/depd cache-miss
23 silly fetch manifest etag@~1.8.1
24 silly packumentCache full:https://registry.npmjs.org/etag cache-miss
25 silly fetch manifest send@~0.19.0
26 silly packumentCache full:https://registry.npmjs.org/send cache-miss
27 silly fetch manifest vary@~1.1.2
28 silly packumentCache full:https://registry.npmjs.org/vary cache-miss
29 silly fetch manifest debug@2.6.9
30 silly packumentCache full:https://registry.npmjs.org/debug cache-miss
31 silly fetch manifest fresh@~0.5.2
32 silly packumentCache full:https://registry.npmjs.org/fresh cache-miss
33 silly fetch manifest cookie@~0.7.1
34 silly packumentCache full:https://registry.npmjs.org/cookie cache-miss
35 silly fetch manifest accepts@~1.3.8
36 silly packumentCache full:https://registry.npmjs.org/accepts cache-miss
37 silly fetch manifest methods@~1.1.2
38 silly packumentCache full:https://registry.npmjs.org/methods cache-miss
39 silly fetch manifest type-is@~1.6.18
40 silly packumentCache full:https://registry.npmjs.org/type-is cache-miss
41 http fetch GET 200 https://registry.npmjs.org/qs 142ms (cache miss)
42 silly packumentCache full:https://registry.npmjs.org/qs set size:undefined disposed:false
43 silly fetch manifest parseurl@~1.3.3
44 silly packumentCache full:https://registry.npmjs.org/parseurl cache-miss
45 http fetch GET 200 https://registry.npmjs.org/fresh 201ms (cache miss)
46 silly packumentCache full:https://registry.npmjs.org/fresh set size:undefined disposed:false
47 silly fetch manifest statuses@~2.0.1
48 silly packumentCache full:https://registry.npmjs.org/statuses cache-miss
49 http fetch GET 200 https://registry.npmjs.org/methods 206ms (cache miss)
50 silly packumentCache full:https://registry.npmjs.org/methods set size:undefined disposed:false
51 silly fetch manifest encodeurl@~2.0.0
52 silly packumentCache full:https://registry.npmjs.org/encodeurl cache-miss
53 http fetch GET 200 https://registry.npmjs.org/vary 214ms (cache miss)
54 silly packumentCache full:https://registry.npmjs.org/vary set size:undefined disposed:false
55 silly fetch manifest proxy-addr@~2.0.7
56 silly packumentCache full:https://registry.npmjs.org/proxy-addr cache-miss
57 http fetch GET 200 https://registry.npmjs.org/depd 219ms (cache miss)
58 silly packumentCache full:https://registry.npmjs.org/depd set size:undefined disposed:false
59 silly fetch manifest body-parser@~1.20.3
60 silly packumentCache full:https://registry.npmjs.org/body-parser cache-miss
61 http fetch GET 200 https://registry.npmjs.org/parseurl 72ms (cache miss)
62 silly packumentCache full:https://registry.npmjs.org/parseurl set size:undefined disposed:false
63 silly fetch manifest escape-html@~1.0.3
64 silly packumentCache full:https://registry.npmjs.org/escape-html cache-miss
65 http fetch GET 200 https://registry.npmjs.org/accepts 226ms (cache miss)
66 silly packumentCache full:https://registry.npmjs.org/accepts set size:undefined disposed:false
67 silly fetch manifest http-errors@~2.0.0
68 silly packumentCache full:https://registry.npmjs.org/http-errors cache-miss
69 http fetch GET 200 https://registry.npmjs.org/type-is 230ms (cache miss)
70 silly packumentCache full:https://registry.npmjs.org/type-is set size:undefined disposed:false
71 silly fetch manifest on-finished@~2.4.1
72 silly packumentCache full:https://registry.npmjs.org/on-finished cache-miss
73 http fetch GET 200 https://registry.npmjs.org/cookie 243ms (cache miss)
74 silly packumentCache full:https://registry.npmjs.org/cookie set size:undefined disposed:false
75 silly fetch manifest safe-buffer@5.2.1
76 silly packumentCache full:https://registry.npmjs.org/safe-buffer cache-miss
77 http fetch GET 200 https://registry.npmjs.org/send 255ms (cache miss)
78 silly packumentCache full:https://registry.npmjs.org/send set size:undefined disposed:false
79 silly fetch manifest utils-merge@1.0.1
80 silly packumentCache full:https://registry.npmjs.org/utils-merge cache-miss
81 http fetch GET 200 https://registry.npmjs.org/debug 291ms (cache miss)
82 silly packumentCache full:https://registry.npmjs.org/debug set size:undefined disposed:false
83 silly fetch manifest content-type@~1.0.4
84 silly packumentCache full:https://registry.npmjs.org/content-type cache-miss
85 http fetch GET 200 https://registry.npmjs.org/statuses 94ms (cache miss)
86 silly packumentCache full:https://registry.npmjs.org/statuses set size:undefined disposed:false
87 silly fetch manifest finalhandler@~1.3.1
88 silly packumentCache full:https://registry.npmjs.org/finalhandler cache-miss
89 http fetch GET 200 https://registry.npmjs.org/encodeurl 92ms (cache miss)
90 silly packumentCache full:https://registry.npmjs.org/encodeurl set size:undefined disposed:false
91 silly fetch manifest range-parser@~1.2.1
92 silly packumentCache full:https://registry.npmjs.org/range-parser cache-miss
93 http fetch GET 200 https://registry.npmjs.org/escape-html 92ms (cache miss)
94 silly packumentCache full:https://registry.npmjs.org/escape-html set size:undefined disposed:false
95 silly fetch manifest serve-static@~1.16.2
96 silly packumentCache full:https://registry.npmjs.org/serve-static cache-miss
97 http fetch GET 200 https://registry.npmjs.org/on-finished 81ms (cache miss)
98 silly packumentCache full:https://registry.npmjs.org/on-finished set size:undefined disposed:false
99 silly fetch manifest array-flatten@1.1.1
100 silly packumentCache full:https://registry.npmjs.org/array-flatten cache-miss
101 http fetch GET 200 https://registry.npmjs.org/proxy-addr 113ms (cache miss)
102 silly packumentCache full:https://registry.npmjs.org/proxy-addr set size:undefined disposed:false
103 silly fetch manifest path-to-regexp@~0.1.12
104 silly packumentCache full:https://registry.npmjs.org/path-to-regexp cache-miss
105 http fetch GET 200 https://registry.npmjs.org/http-errors 104ms (cache miss)
106 silly packumentCache full:https://registry.npmjs.org/http-errors set size:undefined disposed:false
107 silly fetch manifest setprototypeof@1.2.0
108 silly packumentCache full:https://registry.npmjs.org/setprototypeof cache-miss
109 http fetch GET 200 https://registry.npmjs.org/safe-buffer 101ms (cache miss)
110 silly packumentCache full:https://registry.npmjs.org/safe-buffer set size:undefined disposed:false
111 silly fetch manifest cookie-signature@~1.0.6
112 silly packumentCache full:https://registry.npmjs.org/cookie-signature cache-miss
113 http fetch GET 200 https://registry.npmjs.org/utils-merge 98ms (cache miss)
114 silly packumentCache full:https://registry.npmjs.org/utils-merge set size:undefined disposed:false
115 silly fetch manifest merge-descriptors@1.0.3
116 silly packumentCache full:https://registry.npmjs.org/merge-descriptors cache-miss
117 http fetch GET 200 https://registry.npmjs.org/content-type 97ms (cache miss)
118 silly packumentCache full:https://registry.npmjs.org/content-type set size:undefined disposed:false
119 silly fetch manifest content-disposition@~0.5.4
120 silly packumentCache full:https://registry.npmjs.org/content-disposition cache-miss
121 http fetch GET 200 https://registry.npmjs.org/finalhandler 112ms (cache miss)
122 silly packumentCache full:https://registry.npmjs.org/finalhandler set size:undefined disposed:false
123 http fetch GET 200 https://registry.npmjs.org/array-flatten 97ms (cache miss)
124 silly packumentCache full:https://registry.npmjs.org/array-flatten set size:undefined disposed:false
125 http fetch GET 200 https://registry.npmjs.org/range-parser 114ms (cache miss)
126 silly packumentCache full:https://registry.npmjs.org/range-parser set size:undefined disposed:false
127 http fetch GET 200 https://registry.npmjs.org/setprototypeof 84ms (cache miss)
128 silly packumentCache full:https://registry.npmjs.org/setprototypeof set size:undefined disposed:false
129 http fetch GET 200 https://registry.npmjs.org/serve-static 107ms (cache miss)
130 silly packumentCache full:https://registry.npmjs.org/serve-static set size:undefined disposed:false
131 http fetch GET 200 https://registry.npmjs.org/cookie-signature 83ms (cache miss)
132 silly packumentCache full:https://registry.npmjs.org/cookie-signature set size:undefined disposed:false
133 http fetch GET 200 https://registry.npmjs.org/etag 438ms (cache miss)
134 silly packumentCache full:https://registry.npmjs.org/etag set size:undefined disposed:false
135 http fetch GET 200 https://registry.npmjs.org/path-to-regexp 107ms (cache miss)
136 silly packumentCache full:https://registry.npmjs.org/path-to-regexp set size:undefined disposed:false
137 http fetch GET 200 https://registry.npmjs.org/merge-descriptors 88ms (cache miss)
138 silly packumentCache full:https://registry.npmjs.org/merge-descriptors set size:undefined disposed:false
139 http fetch GET 200 https://registry.npmjs.org/content-disposition 55ms (cache miss)
140 silly packumentCache full:https://registry.npmjs.org/content-disposition set size:undefined disposed:false
141 http fetch GET 200 https://registry.npmjs.org/body-parser 306ms (cache miss)
142 silly packumentCache full:https://registry.npmjs.org/body-parser set size:undefined disposed:false
143 silly placeDep ROOT accepts@1.3.8 OK for: express@4.22.1 want: ~1.3.8
144 silly placeDep ROOT array-flatten@1.1.1 OK for: express@4.22.1 want: 1.1.1
145 silly placeDep ROOT body-parser@1.20.5 OK for: express@4.22.1 want: ~1.20.3
146 silly placeDep ROOT content-disposition@0.5.4 OK for: express@4.22.1 want: ~0.5.4
147 silly placeDep ROOT content-type@1.0.5 OK for: express@4.22.1 want: ~1.0.4
148 silly placeDep ROOT cookie@0.7.2 OK for: express@4.22.1 want: ~0.7.1
149 silly placeDep ROOT cookie-signature@1.0.7 OK for: express@4.22.1 want: ~1.0.6
150 silly placeDep node_modules/express debug@2.6.9 OK for: express@4.22.1 want: 2.6.9
151 silly placeDep ROOT depd@2.0.0 OK for: express@4.22.1 want: 2.0.0
152 silly placeDep ROOT encodeurl@2.0.0 OK for: express@4.22.1 want: ~2.0.0
153 silly placeDep ROOT escape-html@1.0.3 OK for: express@4.22.1 want: ~1.0.3
154 silly placeDep ROOT etag@1.8.1 OK for: express@4.22.1 want: ~1.8.1
155 silly placeDep ROOT finalhandler@1.3.2 OK for: express@4.22.1 want: ~1.3.1
156 silly placeDep ROOT fresh@0.5.2 OK for: express@4.22.1 want: ~0.5.2
157 silly placeDep ROOT http-errors@2.0.1 OK for: express@4.22.1 want: ~2.0.0
158 silly placeDep ROOT merge-descriptors@1.0.3 OK for: express@4.22.1 want: 1.0.3
159 silly placeDep ROOT methods@1.1.2 OK for: express@4.22.1 want: ~1.1.2
160 silly placeDep ROOT on-finished@2.4.1 OK for: express@4.22.1 want: ~2.4.1
161 silly placeDep ROOT parseurl@1.3.3 OK for: express@4.22.1 want: ~1.3.3
162 silly placeDep ROOT path-to-regexp@0.1.13 OK for: express@4.22.1 want: ~0.1.12
163 silly placeDep ROOT proxy-addr@2.0.7 OK for: express@4.22.1 want: ~2.0.7
164 silly placeDep ROOT qs@6.14.2 OK for: express@4.22.1 want: ~6.14.0
165 silly placeDep ROOT range-parser@1.2.1 OK for: express@4.22.1 want: ~1.2.1
166 silly placeDep ROOT safe-buffer@5.2.1 OK for: express@4.22.1 want: 5.2.1
167 silly placeDep ROOT send@0.19.2 OK for: express@4.22.1 want: ~0.19.0
168 silly placeDep ROOT serve-static@1.16.3 OK for: express@4.22.1 want: ~1.16.2
169 silly placeDep ROOT setprototypeof@1.2.0 OK for: express@4.22.1 want: 1.2.0
170 silly placeDep ROOT statuses@2.0.2 OK for: express@4.22.1 want: ~2.0.1
171 silly placeDep ROOT type-is@1.6.18 OK for: express@4.22.1 want: ~1.6.18
172 silly placeDep ROOT utils-merge@1.0.1 OK for: express@4.22.1 want: 1.0.1
173 silly placeDep ROOT vary@1.1.2 OK for: express@4.22.1 want: ~1.1.2
174 silly fetch manifest negotiator@0.6.3
175 silly packumentCache full:https://registry.npmjs.org/negotiator cache-miss
176 silly fetch manifest bytes@~3.1.2
177 silly packumentCache full:https://registry.npmjs.org/bytes cache-miss
178 silly fetch manifest content-type@~1.0.5
179 silly packumentCache full:https://registry.npmjs.org/content-type cache-miss
180 silly fetch manifest destroy@~1.2.0
181 silly packumentCache full:https://registry.npmjs.org/destroy cache-miss
182 silly fetch manifest http-errors@~2.0.1
183 silly packumentCache full:https://registry.npmjs.org/http-errors cache-miss
184 silly fetch manifest iconv-lite@~0.4.24
185 silly packumentCache full:https://registry.npmjs.org/iconv-lite cache-miss
186 silly fetch manifest qs@~6.15.1
187 silly packumentCache full:https://registry.npmjs.org/qs cache-miss
188 silly fetch manifest raw-body@~2.5.3
189 silly packumentCache full:https://registry.npmjs.org/raw-body cache-miss
190 silly fetch manifest unpipe@~1.0.0
191 silly packumentCache full:https://registry.npmjs.org/unpipe cache-miss
192 silly fetch manifest ms@2.0.0
193 silly packumentCache full:https://registry.npmjs.org/ms cache-miss
194 silly fetch manifest unpipe@~1.0.0
195 silly packumentCache full:https://registry.npmjs.org/unpipe cache-miss
196 http fetch GET 200 https://registry.npmjs.org/http-errors 56ms (cache hit)
197 silly packumentCache full:https://registry.npmjs.org/http-errors set size:71987 disposed:false
198 silly fetch manifest statuses@~2.0.2
199 silly packumentCache full:https://registry.npmjs.org/statuses cache-miss
200 http fetch GET 200 https://registry.npmjs.org/content-type 62ms (cache hit)
201 silly packumentCache full:https://registry.npmjs.org/content-type set size:17311 disposed:false
202 silly fetch manifest inherits@~2.0.4
203 silly packumentCache full:https://registry.npmjs.org/inherits cache-miss
204 http fetch GET 200 https://registry.npmjs.org/qs 78ms (cache hit)
205 silly packumentCache full:https://registry.npmjs.org/qs set size:353582 disposed:false
206 silly fetch manifest setprototypeof@~1.2.0
207 silly packumentCache full:https://registry.npmjs.org/setprototypeof cache-miss
208 http fetch GET 200 https://registry.npmjs.org/bytes 115ms (cache miss)
209 silly packumentCache full:https://registry.npmjs.org/bytes set size:undefined disposed:false
210 silly fetch manifest statuses@~2.0.2
211 silly packumentCache full:https://registry.npmjs.org/statuses cache-miss
212 http fetch GET 200 https://registry.npmjs.org/statuses 58ms (cache hit)
213 silly packumentCache full:https://registry.npmjs.org/statuses set size:37117 disposed:false
214 silly fetch manifest toidentifier@~1.0.1
215 silly packumentCache full:https://registry.npmjs.org/toidentifier cache-miss
216 http fetch GET 200 https://registry.npmjs.org/setprototypeof 39ms (cache hit)
217 silly packumentCache full:https://registry.npmjs.org/setprototypeof set size:14532 disposed:false
218 silly fetch manifest ee-first@1.1.1
219 silly packumentCache full:https://registry.npmjs.org/ee-first cache-miss
220 http fetch GET 200 https://registry.npmjs.org/unpipe 126ms (cache miss)
221 silly packumentCache full:https://registry.npmjs.org/unpipe set size:undefined disposed:false
222 silly fetch manifest forwarded@0.2.0
223 silly packumentCache full:https://registry.npmjs.org/forwarded cache-miss
224 http fetch GET 200 https://registry.npmjs.org/unpipe 133ms (cache miss)
225 silly packumentCache full:https://registry.npmjs.org/unpipe set size:undefined disposed:false
226 silly fetch manifest ipaddr.js@1.9.1
227 silly packumentCache full:https://registry.npmjs.org/ipaddr.js cache-miss
228 http fetch GET 200 https://registry.npmjs.org/destroy 158ms (cache miss)
229 silly packumentCache full:https://registry.npmjs.org/destroy set size:undefined disposed:false
230 silly fetch manifest mime@1.6.0
231 silly packumentCache full:https://registry.npmjs.org/mime cache-miss
232 http fetch GET 200 https://registry.npmjs.org/negotiator 179ms (cache miss)
233 silly packumentCache full:https://registry.npmjs.org/negotiator set size:undefined disposed:false
234 silly fetch manifest destroy@1.2.0
235 silly packumentCache full:https://registry.npmjs.org/destroy cache-miss
236 http fetch GET 200 https://registry.npmjs.org/raw-body 180ms (cache miss)
237 silly packumentCache full:https://registry.npmjs.org/raw-body set size:undefined disposed:false
238 silly fetch manifest media-typer@0.3.0
239 silly packumentCache full:https://registry.npmjs.org/media-typer cache-miss
240 http fetch GET 200 https://registry.npmjs.org/ms 190ms (cache miss)
241 silly packumentCache full:https://registry.npmjs.org/ms set size:undefined disposed:false
242 http fetch GET 200 https://registry.npmjs.org/iconv-lite 220ms (cache miss)
243 silly packumentCache full:https://registry.npmjs.org/iconv-lite set size:undefined disposed:false
244 http fetch GET 200 https://registry.npmjs.org/statuses 111ms (cache hit)
245 silly packumentCache full:https://registry.npmjs.org/statuses set size:37117 disposed:false
246 silly packumentCache full:https://registry.npmjs.org/statuses dispose
247 http fetch GET 200 https://registry.npmjs.org/toidentifier 115ms (cache miss)
248 silly packumentCache full:https://registry.npmjs.org/toidentifier set size:undefined disposed:false
249 http fetch GET 200 https://registry.npmjs.org/destroy 62ms (cache hit)
250 silly packumentCache full:https://registry.npmjs.org/destroy set size:15738 disposed:false
251 http fetch GET 200 https://registry.npmjs.org/ee-first 112ms (cache miss)
252 silly packumentCache full:https://registry.npmjs.org/ee-first set size:undefined disposed:false
253 http fetch GET 200 https://registry.npmjs.org/forwarded 106ms (cache miss)
254 silly packumentCache full:https://registry.npmjs.org/forwarded set size:undefined disposed:false
255 http fetch GET 200 https://registry.npmjs.org/ipaddr.js 93ms (cache miss)
256 silly packumentCache full:https://registry.npmjs.org/ipaddr.js set size:undefined disposed:false
257 http fetch GET 200 https://registry.npmjs.org/media-typer 61ms (cache miss)
258 silly packumentCache full:https://registry.npmjs.org/media-typer set size:undefined disposed:false
259 http fetch GET 200 https://registry.npmjs.org/mime 92ms (cache miss)
260 silly packumentCache full:https://registry.npmjs.org/mime set size:undefined disposed:false
261 http fetch GET 200 https://registry.npmjs.org/inherits 295ms (cache miss)
262 silly packumentCache full:https://registry.npmjs.org/inherits set size:undefined disposed:false
263 silly placeDep ROOT negotiator@0.6.3 OK for: accepts@1.3.8 want: 0.6.3
264 silly placeDep ROOT bytes@3.1.2 OK for: body-parser@1.20.5 want: ~3.1.2
265 silly placeDep node_modules/body-parser debug@2.6.9 OK for: body-parser@1.20.5 want: 2.6.9
266 silly placeDep ROOT destroy@1.2.0 OK for: body-parser@1.20.5 want: ~1.2.0
267 silly placeDep ROOT iconv-lite@0.4.24 OK for: body-parser@1.20.5 want: ~0.4.24
268 silly placeDep node_modules/body-parser qs@6.15.1 OK for: body-parser@1.20.5 want: ~6.15.1
269 silly placeDep ROOT raw-body@2.5.3 OK for: body-parser@1.20.5 want: ~2.5.3
270 silly placeDep ROOT unpipe@1.0.0 OK for: body-parser@1.20.5 want: ~1.0.0
271 silly fetch manifest safer-buffer@>= 2.1.2 < 3
272 silly packumentCache full:https://registry.npmjs.org/safer-buffer cache-miss
273 http fetch GET 200 https://registry.npmjs.org/safer-buffer 296ms (cache miss)
274 silly packumentCache full:https://registry.npmjs.org/safer-buffer set size:undefined disposed:false
275 silly placeDep node_modules/finalhandler debug@2.6.9 OK for: finalhandler@1.3.2 want: 2.6.9
276 silly placeDep ROOT inherits@2.0.4 OK for: http-errors@2.0.1 want: ~2.0.4
277 silly placeDep ROOT toidentifier@1.0.1 OK for: http-errors@2.0.1 want: ~1.0.1
278 silly placeDep ROOT safer-buffer@2.1.2 OK for: iconv-lite@0.4.24 want: >= 2.1.2 < 3
279 silly placeDep ROOT ee-first@1.1.1 OK for: on-finished@2.4.1 want: 1.1.1
280 silly placeDep ROOT forwarded@0.2.0 OK for: proxy-addr@2.0.7 want: 0.2.0
281 silly placeDep ROOT ipaddr.js@1.9.1 OK for: proxy-addr@2.0.7 want: 1.9.1
282 silly placeDep node_modules/send debug@2.6.9 OK for: send@0.19.2 want: 2.6.9
283 silly placeDep ROOT mime@1.6.0 OK for: send@0.19.2 want: 1.6.0
284 silly placeDep ROOT media-typer@0.3.0 OK for: type-is@1.6.18 want: 0.3.0
285 silly placeDep node_modules/body-parser ms@2.0.0 OK for: debug@2.6.9 want: 2.0.0
286 silly placeDep node_modules/express ms@2.0.0 OK for: debug@2.6.9 want: 2.0.0
287 silly placeDep node_modules/finalhandler ms@2.0.0 OK for: debug@2.6.9 want: 2.0.0
288 silly placeDep node_modules/send/node_modules/debug ms@2.0.0 OK for: debug@2.6.9 want: 2.0.0
289 silly reify moves {}
290 silly audit bulk request {
290 silly audit   '@alloc/quick-lru': [ '5.2.0' ],
290 silly audit   '@emnapi/core': [ '1.10.0' ],
290 silly audit   '@emnapi/runtime': [ '1.10.0' ],
290 silly audit   '@emnapi/wasi-threads': [ '1.2.1' ],
290 silly audit   '@eslint-community/eslint-utils': [ '4.9.1' ],
290 silly audit   'eslint-visitor-keys': [ '3.4.3', '5.0.1', '4.2.1' ],
290 silly audit   '@eslint-community/regexpp': [ '4.12.2' ],
290 silly audit   '@eslint/config-array': [ '0.21.2' ],
290 silly audit   '@eslint/config-helpers': [ '0.4.2' ],
290 silly audit   '@eslint/core': [ '0.17.0' ],
290 silly audit   '@eslint/eslintrc': [ '3.3.5' ],
290 silly audit   '@eslint/js': [ '9.39.4' ],
290 silly audit   '@eslint/object-schema': [ '2.1.7' ],
290 silly audit   '@eslint/plugin-kit': [ '0.4.1' ],
290 silly audit   '@humanfs/core': [ '0.19.1' ],
290 silly audit   '@humanfs/node': [ '0.16.7' ],
290 silly audit   '@humanwhocodes/module-importer': [ '1.0.1' ],
290 silly audit   '@humanwhocodes/retry': [ '0.4.3' ],
290 silly audit   '@img/colour': [ '1.1.0' ],
290 silly audit   '@img/sharp-darwin-arm64': [ '0.34.5' ],
290 silly audit   '@img/sharp-darwin-x64': [ '0.34.5' ],
290 silly audit   '@img/sharp-libvips-darwin-arm64': [ '1.2.4' ],
290 silly audit   '@img/sharp-libvips-darwin-x64': [ '1.2.4' ],
290 silly audit   '@img/sharp-libvips-linux-arm': [ '1.2.4' ],
290 silly audit   '@img/sharp-libvips-linux-arm64': [ '1.2.4' ],
290 silly audit   '@img/sharp-libvips-linux-ppc64': [ '1.2.4' ],
290 silly audit   '@img/sharp-libvips-linux-riscv64': [ '1.2.4' ],
290 silly audit   '@img/sharp-libvips-linux-s390x': [ '1.2.4' ],
290 silly audit   '@img/sharp-libvips-linux-x64': [ '1.2.4' ],
290 silly audit   '@img/sharp-libvips-linuxmusl-arm64': [ '1.2.4' ],
290 silly audit   '@img/sharp-libvips-linuxmusl-x64': [ '1.2.4' ],
290 silly audit   '@img/sharp-linux-arm': [ '0.34.5' ],
290 silly audit   '@img/sharp-linux-arm64': [ '0.34.5' ],
290 silly audit   '@img/sharp-linux-ppc64': [ '0.34.5' ],
290 silly audit   '@img/sharp-linux-riscv64': [ '0.34.5' ],
290 silly audit   '@img/sharp-linux-s390x': [ '0.34.5' ],
290 silly audit   '@img/sharp-linux-x64': [ '0.34.5' ],
290 silly audit   '@img/sharp-linuxmusl-arm64': [ '0.34.5' ],
290 silly audit   '@img/sharp-linuxmusl-x64': [ '0.34.5' ],
290 silly audit   '@img/sharp-wasm32': [ '0.34.5' ],
290 silly audit   '@img/sharp-win32-arm64': [ '0.34.5' ],
290 silly audit   '@img/sharp-win32-ia32': [ '0.34.5' ],
290 silly audit   '@img/sharp-win32-x64': [ '0.34.5' ],
290 silly audit   '@jridgewell/gen-mapping': [ '0.3.13' ],
290 silly audit   '@jridgewell/resolve-uri': [ '3.1.2' ],
290 silly audit   '@jridgewell/sourcemap-codec': [ '1.5.5' ],
290 silly audit   '@jridgewell/trace-mapping': [ '0.3.31' ],
290 silly audit   '@napi-rs/wasm-runtime': [ '0.2.12' ],
290 silly audit   '@next/env': [ '15.5.15' ],
290 silly audit   '@next/eslint-plugin-next': [ '15.5.15' ],
290 silly audit   '@next/swc-darwin-arm64': [ '15.5.15' ],
290 silly audit   '@next/swc-darwin-x64': [ '15.5.15' ],
290 silly audit   '@next/swc-linux-arm64-gnu': [ '15.5.15' ],
290 silly audit   '@next/swc-linux-arm64-musl': [ '15.5.15' ],
290 silly audit   '@next/swc-linux-x64-gnu': [ '15.5.15' ],
290 silly audit   '@next/swc-linux-x64-musl': [ '15.5.15' ],
290 silly audit   '@next/swc-win32-arm64-msvc': [ '15.5.15' ],
290 silly audit   '@next/swc-win32-x64-msvc': [ '15.5.15' ],
290 silly audit   '@nodelib/fs.scandir': [ '2.1.5' ],
290 silly audit   '@nodelib/fs.stat': [ '2.0.5' ],
290 silly audit   '@nodelib/fs.walk': [ '1.2.8' ],
290 silly audit   '@nolyfill/is-core-module': [ '1.0.39' ],
290 silly audit   '@rtsao/scc': [ '1.1.0' ],
290 silly audit   '@rushstack/eslint-patch': [ '1.16.1' ],
290 silly audit   '@swc/helpers': [ '0.5.15' ],
290 silly audit   '@tybys/wasm-util': [ '0.10.1' ],
290 silly audit   '@types/estree': [ '1.0.8' ],
290 silly audit   '@types/json-schema': [ '7.0.15' ],
290 silly audit   '@types/json5': [ '0.0.29' ],
290 silly audit   '@typescript-eslint/eslint-plugin': [ '8.59.0' ],
290 silly audit   ignore: [ '7.0.5', '5.3.2' ],
290 silly audit   '@typescript-eslint/parser': [ '8.59.0' ],
290 silly audit   '@typescript-eslint/project-service': [ '8.59.0' ],
290 silly audit   '@typescript-eslint/scope-manager': [ '8.59.0' ],
290 silly audit   '@typescript-eslint/tsconfig-utils': [ '8.59.0' ],
290 silly audit   '@typescript-eslint/type-utils': [ '8.59.0' ],
290 silly audit   '@typescript-eslint/types': [ '8.59.0' ],
290 silly audit   '@typescript-eslint/typescript-estree': [ '8.59.0' ],
290 silly audit   'balanced-match': [ '4.0.4', '1.0.2' ],
290 silly audit   'brace-expansion': [ '5.0.5', '1.1.14' ],
290 silly audit   minimatch: [ '10.2.5', '3.1.5' ],
290 silly audit   semver: [ '7.7.4', '6.3.1' ],
290 silly audit   '@typescript-eslint/utils': [ '8.59.0' ],
290 silly audit   '@typescript-eslint/visitor-keys': [ '8.59.0' ],
290 silly audit   '@unrs/resolver-binding-android-arm-eabi': [ '1.11.1' ],
290 silly audit   '@unrs/resolver-binding-android-arm64': [ '1.11.1' ],
290 silly audit   '@unrs/resolver-binding-darwin-arm64': [ '1.11.1' ],
290 silly audit   '@unrs/resolver-binding-darwin-x64': [ '1.11.1' ],
290 silly audit   '@unrs/resolver-binding-freebsd-x64': [ '1.11.1' ],
290 silly audit   '@unrs/resolver-binding-linux-arm-gnueabihf': [ '1.11.1' ],
290 silly audit   '@unrs/resolver-binding-linux-arm-musleabihf': [ '1.11.1' ],
290 silly audit   '@unrs/resolver-binding-linux-arm64-gnu': [ '1.11.1' ],
290 silly audit   '@unrs/resolver-binding-linux-arm64-musl': [ '1.11.1' ],
290 silly audit   '@unrs/resolver-binding-linux-ppc64-gnu': [ '1.11.1' ],
290 silly audit   '@unrs/resolver-binding-linux-riscv64-gnu': [ '1.11.1' ],
290 silly audit   '@unrs/resolver-binding-linux-riscv64-musl': [ '1.11.1' ],
290 silly audit   '@unrs/resolver-binding-linux-s390x-gnu': [ '1.11.1' ],
290 silly audit   '@unrs/resolver-binding-linux-x64-gnu': [ '1.11.1' ],
290 silly audit   '@unrs/resolver-binding-linux-x64-musl': [ '1.11.1' ],
290 silly audit   '@unrs/resolver-binding-wasm32-wasi': [ '1.11.1' ],
290 silly audit   '@unrs/resolver-binding-win32-arm64-msvc': [ '1.11.1' ],
290 silly audit   '@unrs/resolver-binding-win32-ia32-msvc': [ '1.11.1' ],
290 silly audit   '@unrs/resolver-binding-win32-x64-msvc': [ '1.11.1' ],
290 silly audit   acorn: [ '8.16.0' ],
290 silly audit   'acorn-jsx': [ '5.3.2' ],
290 silly audit   ajv: [ '6.14.0' ],
290 silly audit   'ansi-styles': [ '4.3.0' ],
290 silly audit   'any-promise': [ '1.3.0' ],
290 silly audit   anymatch: [ '3.1.3' ],
290 silly audit   arg: [ '5.0.2' ],
290 silly audit   argparse: [ '2.0.1' ],
290 silly audit   'aria-query': [ '5.3.2' ],
290 silly audit   'array-buffer-byte-length': [ '1.0.2' ],
290 silly audit   'array-includes': [ '3.1.9' ],
290 silly audit   'array.prototype.findlast': [ '1.2.5' ],
290 silly audit   'array.prototype.findlastindex': [ '1.2.6' ],
290 silly audit   'array.prototype.flat': [ '1.3.3' ],
290 silly audit   'array.prototype.flatmap': [ '1.3.3' ],
290 silly audit   'array.prototype.tosorted': [ '1.1.4' ],
290 silly audit   'arraybuffer.prototype.slice': [ '1.0.4' ],
290 silly audit   'ast-types-flow': [ '0.0.8' ],
290 silly audit   'async-function': [ '1.0.0' ],
290 silly audit   asynckit: [ '0.4.0' ],
290 silly audit   autoprefixer: [ '10.5.0' ],
290 silly audit   'available-typed-arrays': [ '1.0.7' ],
290 silly audit   'axe-core': [ '4.11.3' ],
290 silly audit   axios: [ '1.15.2' ],
290 silly audit   'axobject-query': [ '4.1.0' ],
290 silly audit   'baseline-browser-mapping': [ '2.10.19' ],
290 silly audit   'binary-extensions': [ '2.3.0' ],
290 silly audit   braces: [ '3.0.3' ],
290 silly audit   browserslist: [ '4.28.2' ],
290 silly audit   'call-bind': [ '1.0.9' ],
290 silly audit   'call-bind-apply-helpers': [ '1.0.2' ],
290 silly audit   'call-bound': [ '1.0.4' ],
290 silly audit   callsites: [ '3.1.0' ],
290 silly audit   'camelcase-css': [ '2.0.1' ],
290 silly audit   'caniuse-lite': [ '1.0.30001788' ],
290 silly audit   chalk: [ '4.1.2' ],
290 silly audit   chokidar: [ '3.6.0' ],
290 silly audit   'glob-parent': [ '5.1.2', '6.0.2' ],
290 silly audit   'client-only': [ '0.0.1' ],
290 silly audit   clsx: [ '2.1.1' ],
290 silly audit   'color-convert': [ '2.0.1' ],
290 silly audit   'color-name': [ '1.1.4' ],
290 silly audit   'combined-stream': [ '1.0.8' ],
290 silly audit   commander: [ '4.1.1' ],
290 silly audit   'concat-map': [ '0.0.1' ],
290 silly audit   'cross-spawn': [ '7.0.6' ],
290 silly audit   cssesc: [ '3.0.0' ],
290 silly audit   'damerau-levenshtein': [ '1.0.8' ],
290 silly audit   'data-view-buffer': [ '1.0.2' ],
290 silly audit   'data-view-byte-length': [ '1.0.2' ],
290 silly audit   'data-view-byte-offset': [ '1.0.1' ],
290 silly audit   debug: [ '4.4.3', '3.2.7', '2.6.9' ],
290 silly audit   'deep-is': [ '0.1.4' ],
290 silly audit   'define-data-property': [ '1.1.4' ],
290 silly audit   'define-properties': [ '1.2.1' ],
290 silly audit   'delayed-stream': [ '1.0.0' ],
290 silly audit   'detect-libc': [ '2.1.2' ],
290 silly audit   didyoumean: [ '1.2.2' ],
290 silly audit   dlv: [ '1.1.3' ],
290 silly audit   doctrine: [ '2.1.0' ],
290 silly audit   'dunder-proto': [ '1.0.1' ],
290 silly audit   'electron-to-chromium': [ '1.5.339' ],
290 silly audit   'emoji-regex': [ '9.2.2' ],
290 silly audit   'es-abstract': [ '1.24.2' ],
290 silly audit   'es-define-property': [ '1.0.1' ],
290 silly audit   'es-errors': [ '1.3.0' ],
290 silly audit   'es-iterator-helpers': [ '1.3.2' ],
290 silly audit   'es-object-atoms': [ '1.1.1' ],
290 silly audit   'es-set-tostringtag': [ '2.1.0' ],
290 silly audit   'es-shim-unscopables': [ '1.1.0' ],
290 silly audit   'es-to-primitive': [ '1.3.0' ],
290 silly audit   escalade: [ '3.2.0' ],
290 silly audit   'escape-string-regexp': [ '4.0.0' ],
290 silly audit   eslint: [ '9.39.4' ],
290 silly audit   'eslint-config-next': [ '15.5.15' ],
290 silly audit   'eslint-import-resolver-node': [ '0.3.10' ],
290 silly audit   'eslint-import-resolver-typescript': [ '3.10.1' ],
290 silly audit   'eslint-module-utils': [ '2.12.1' ],
290 silly audit   'eslint-plugin-import': [ '2.32.0' ],
290 silly audit   'eslint-plugin-jsx-a11y': [ '6.10.2' ],
290 silly audit   'eslint-plugin-react': [ '7.37.5' ],
290 silly audit   'eslint-plugin-react-hooks': [ '5.2.0' ],
290 silly audit   'eslint-scope': [ '8.4.0' ],
290 silly audit   espree: [ '10.4.0' ],
290 silly audit   esquery: [ '1.7.0' ],
290 silly audit   esrecurse: [ '4.3.0' ],
290 silly audit   estraverse: [ '5.3.0' ],
290 silly audit   esutils: [ '2.0.3' ],
290 silly audit   'fast-deep-equal': [ '3.1.3' ],
290 silly audit   'fast-glob': [ '3.3.1', '3.3.3' ],
290 silly audit   'fast-json-stable-stringify': [ '2.1.0' ],
290 silly audit   'fast-levenshtein': [ '2.0.6' ],
290 silly audit   fastq: [ '1.20.1' ],
290 silly audit   'file-entry-cache': [ '8.0.0' ],
290 silly audit   'fill-range': [ '7.1.1' ],
290 silly audit   'find-up': [ '5.0.0' ],
290 silly audit   'flat-cache': [ '4.0.1' ],
290 silly audit   flatted: [ '3.4.2' ],
290 silly audit   'follow-redirects': [ '1.16.0' ],
290 silly audit   'for-each': [ '0.3.5' ],
290 silly audit   'form-data': [ '4.0.5' ],
290 silly audit   'fraction.js': [ '5.3.4' ],
290 silly audit   'framer-motion': [ '12.38.0' ],
290 silly audit   fsevents: [ '2.3.3' ],
290 silly audit   'function-bind': [ '1.1.2' ],
290 silly audit   'function.prototype.name': [ '1.1.8' ],
290 silly audit   'functions-have-names': [ '1.2.3' ],
290 silly audit   'generator-function': [ '2.0.1' ],
290 silly audit   'get-intrinsic': [ '1.3.0' ],
290 silly audit   'get-proto': [ '1.0.1' ],
290 silly audit   'get-symbol-description': [ '1.1.0' ],
290 silly audit   'get-tsconfig': [ '4.14.0' ],
290 silly audit   globals: [ '14.0.0' ],
290 silly audit   globalthis: [ '1.0.4' ],
290 silly audit   gopd: [ '1.2.0' ],
290 silly audit   'has-bigints': [ '1.1.0' ],
290 silly audit   'has-flag': [ '4.0.0' ],
290 silly audit   'has-property-descriptors': [ '1.0.2' ],
290 silly audit   'has-proto': [ '1.2.0' ],
290 silly audit   'has-symbols': [ '1.1.0' ],
290 silly audit   'has-tostringtag': [ '1.0.2' ],
290 silly audit   hasown: [ '2.0.2' ],
290 silly audit   'import-fresh': [ '3.3.1' ],
290 silly audit   imurmurhash: [ '0.1.4' ],
290 silly audit   'internal-slot': [ '1.1.0' ],
290 silly audit   'is-array-buffer': [ '3.0.5' ],
290 silly audit   'is-async-function': [ '2.1.1' ],
290 silly audit   'is-bigint': [ '1.1.0' ],
290 silly audit   'is-binary-path': [ '2.1.0' ],
290 silly audit   'is-boolean-object': [ '1.2.2' ],
290 silly audit   'is-bun-module': [ '2.0.0' ],
290 silly audit   'is-callable': [ '1.2.7' ],
290 silly audit   'is-core-module': [ '2.16.1' ],
290 silly audit   'is-data-view': [ '1.0.2' ],
290 silly audit   'is-date-object': [ '1.1.0' ],
290 silly audit   'is-extglob': [ '2.1.1' ],
290 silly audit   'is-finalizationregistry': [ '1.1.1' ],
290 silly audit   'is-generator-function': [ '1.1.2' ],
290 silly audit   'is-glob': [ '4.0.3' ],
290 silly audit   'is-map': [ '2.0.3' ],
290 silly audit   'is-negative-zero': [ '2.0.3' ],
290 silly audit   'is-number': [ '7.0.0' ],
290 silly audit   'is-number-object': [ '1.1.1' ],
290 silly audit   'is-regex': [ '1.2.1' ],
290 silly audit   'is-set': [ '2.0.3' ],
290 silly audit   'is-shared-array-buffer': [ '1.0.4' ],
290 silly audit   'is-string': [ '1.1.1' ],
290 silly audit   'is-symbol': [ '1.1.1' ],
290 silly audit   'is-typed-array': [ '1.1.15' ],
290 silly audit   'is-weakmap': [ '2.0.2' ],
290 silly audit   'is-weakref': [ '1.1.1' ],
290 silly audit   'is-weakset': [ '2.0.4' ],
290 silly audit   isarray: [ '2.0.5' ],
290 silly audit   isexe: [ '2.0.0' ],
290 silly audit   'iterator.prototype': [ '1.1.5' ],
290 silly audit   jiti: [ '1.21.7' ],
290 silly audit   'js-tokens': [ '4.0.0' ],
290 silly audit   'js-yaml': [ '4.1.1' ],
290 silly audit   'json-buffer': [ '3.0.1' ],
290 silly audit   'json-schema-traverse': [ '0.4.1' ],
290 silly audit   'json-stable-stringify-without-jsonify': [ '1.0.1' ],
290 silly audit   'jsx-ast-utils': [ '3.3.5' ],
290 silly audit   keyv: [ '4.5.4' ],
290 silly audit   'language-subtag-registry': [ '0.3.23' ],
290 silly audit   'language-tags': [ '1.0.9' ],
290 silly audit   levn: [ '0.4.1' ],
290 silly audit   lilconfig: [ '3.1.3' ],
290 silly audit   'lines-and-columns': [ '1.2.4' ],
290 silly audit   'locate-path': [ '6.0.0' ],
290 silly audit   'lodash.merge': [ '4.6.2' ],
290 silly audit   'loose-envify': [ '1.4.0' ],
290 silly audit   'math-intrinsics': [ '1.1.0' ],
290 silly audit   merge2: [ '1.4.1' ],
290 silly audit   micromatch: [ '4.0.8' ],
290 silly audit   'mime-db': [ '1.52.0' ],
290 silly audit   'mime-types': [ '2.1.35' ],
290 silly audit   minimist: [ '1.2.8' ],
290 silly audit   'motion-dom': [ '12.38.0' ],
290 silly audit   'motion-utils': [ '12.36.0' ],
290 silly audit   ms: [ '2.1.3', '2.0.0' ],
290 silly audit   mz: [ '2.7.0' ],
290 silly audit   nanoid: [ '3.3.11' ],
290 silly audit   'napi-postinstall': [ '0.3.4' ],
290 silly audit   'natural-compare': [ '1.4.0' ],
290 silly audit   next: [ '15.5.15' ],
290 silly audit   postcss: [ '8.4.31', '8.5.10' ],
290 silly audit   'node-exports-info': [ '1.6.0' ],
290 silly audit   'node-releases': [ '2.0.37' ],
290 silly audit   'normalize-path': [ '3.0.0' ],
290 silly audit   'object-assign': [ '4.1.1' ],
290 silly audit   'object-hash': [ '3.0.0' ],
290 silly audit   'object-inspect': [ '1.13.4' ],
290 silly audit   'object-keys': [ '1.1.1' ],
290 silly audit   'object.assign': [ '4.1.7' ],
290 silly audit   'object.entries': [ '1.1.9' ],
290 silly audit   'object.fromentries': [ '2.0.8' ],
290 silly audit   'object.groupby': [ '1.0.3' ],
290 silly audit   'object.values': [ '1.2.1' ],
290 silly audit   optionator: [ '0.9.4' ],
290 silly audit   'own-keys': [ '1.0.1' ],
290 silly audit   'p-limit': [ '3.1.0' ],
290 silly audit   'p-locate': [ '5.0.0' ],
290 silly audit   'parent-module': [ '1.0.1' ],
290 silly audit   'path-exists': [ '4.0.0' ],
290 silly audit   'path-key': [ '3.1.1' ],
290 silly audit   'path-parse': [ '1.0.7' ],
290 silly audit   picocolors: [ '1.1.1' ],
290 silly audit   picomatch: [ '2.3.2', '4.0.4' ],
290 silly audit   pify: [ '2.3.0' ],
290 silly audit   pirates: [ '4.0.7' ],
290 silly audit   'possible-typed-array-names': [ '1.1.0' ],
290 silly audit   'postcss-import': [ '15.1.0' ],
290 silly audit   resolve: [ '1.22.12', '2.0.0-next.6' ],
290 silly audit   'postcss-js': [ '4.1.0' ],
290 silly audit   'postcss-load-config': [ '6.0.1' ],
290 silly audit   'postcss-nested': [ '6.2.0' ],
290 silly audit   'postcss-selector-parser': [ '6.1.2' ],
290 silly audit   'postcss-value-parser': [ '4.2.0' ],
290 silly audit   'prelude-ls': [ '1.2.1' ],
290 silly audit   'prop-types': [ '15.8.1' ],
290 silly audit   'proxy-from-env': [ '2.1.0' ],
290 silly audit   punycode: [ '2.3.1' ],
290 silly audit   'queue-microtask': [ '1.2.3' ],
290 silly audit   react: [ '19.2.5' ],
290 silly audit   'react-dom': [ '19.2.5' ],
290 silly audit   'react-is': [ '16.13.1' ],
290 silly audit   'read-cache': [ '1.0.0' ],
290 silly audit   readdirp: [ '3.6.0' ],
290 silly audit   'reflect.getprototypeof': [ '1.0.10' ],
290 silly audit   'regexp.prototype.flags': [ '1.5.4' ],
290 silly audit   'resolve-from': [ '4.0.0' ],
290 silly audit   'resolve-pkg-maps': [ '1.0.0' ],
290 silly audit   reusify: [ '1.1.0' ],
290 silly audit   'run-parallel': [ '1.2.0' ],
290 silly audit   'safe-array-concat': [ '1.1.3' ],
290 silly audit   'safe-push-apply': [ '1.0.0' ],
290 silly audit   'safe-regex-test': [ '1.1.0' ],
290 silly audit   scheduler: [ '0.27.0' ],
290 silly audit   'set-function-length': [ '1.2.2' ],
290 silly audit   'set-function-name': [ '2.0.2' ],
290 silly audit   'set-proto': [ '1.0.0' ],
290 silly audit   sharp: [ '0.34.5' ],
290 silly audit   'shebang-command': [ '2.0.0' ],
290 silly audit   'shebang-regex': [ '3.0.0' ],
290 silly audit   'side-channel': [ '1.1.0' ],
290 silly audit   'side-channel-list': [ '1.0.1' ],
290 silly audit   'side-channel-map': [ '1.0.1' ],
290 silly audit   'side-channel-weakmap': [ '1.0.2' ],
290 silly audit   sonner: [ '2.0.7' ],
290 silly audit   'source-map-js': [ '1.2.1' ],
290 silly audit   'stable-hash': [ '0.0.5' ],
290 silly audit   'stop-iteration-iterator': [ '1.1.0' ],
290 silly audit   'string.prototype.includes': [ '2.0.1' ],
290 silly audit   'string.prototype.matchall': [ '4.0.12' ],
290 silly audit   'string.prototype.repeat': [ '1.0.0' ],
290 silly audit   'string.prototype.trim': [ '1.2.10' ],
290 silly audit   'string.prototype.trimend': [ '1.0.9' ],
290 silly audit   'string.prototype.trimstart': [ '1.0.8' ],
290 silly audit   'strip-bom': [ '3.0.0' ],
290 silly audit   'strip-json-comments': [ '3.1.1' ],
290 silly audit   'styled-jsx': [ '5.1.6' ],
290 silly audit   sucrase: [ '3.35.1' ],
290 silly audit   'supports-color': [ '7.2.0' ],
290 silly audit   'supports-preserve-symlinks-flag': [ '1.0.0' ],
290 silly audit   'tailwind-merge': [ '3.5.0' ],
290 silly audit   tailwindcss: [ '3.4.19' ],
290 silly audit   thenify: [ '3.3.1' ],
290 silly audit   'thenify-all': [ '1.6.0' ],
290 silly audit   tinyglobby: [ '0.2.16' ],
290 silly audit   fdir: [ '6.5.0' ],
290 silly audit   'to-regex-range': [ '5.0.1' ],
290 silly audit   'ts-api-utils': [ '2.5.0' ],
290 silly audit   'ts-interface-checker': [ '0.1.13' ],
290 silly audit   'tsconfig-paths': [ '3.15.0' ],
290 silly audit   json5: [ '1.0.2' ],
290 silly audit   tslib: [ '2.8.1' ],
290 silly audit   'type-check': [ '0.4.0' ],
290 silly audit   'typed-array-buffer': [ '1.0.3' ],
290 silly audit   'typed-array-byte-length': [ '1.0.3' ],
290 silly audit   'typed-array-byte-offset': [ '1.0.4' ],
290 silly audit   'typed-array-length': [ '1.0.7' ],
290 silly audit   typescript: [ '6.0.3' ],
290 silly audit   'unbox-primitive': [ '1.1.0' ],
290 silly audit   'unrs-resolver': [ '1.11.1' ],
290 silly audit   'update-browserslist-db': [ '1.2.3' ],
290 silly audit   'uri-js': [ '4.4.1' ],
290 silly audit   'util-deprecate': [ '1.0.2' ],
290 silly audit   uuid: [ '11.1.0' ],
290 silly audit   which: [ '2.0.2' ],
290 silly audit   'which-boxed-primitive': [ '1.1.1' ],
290 silly audit   'which-builtin-type': [ '1.2.1' ],
290 silly audit   'which-collection': [ '1.0.2' ],
290 silly audit   'which-typed-array': [ '1.1.20' ],
290 silly audit   'word-wrap': [ '1.2.5' ],
290 silly audit   'yocto-queue': [ '0.1.0' ],
290 silly audit   express: [ '4.22.1' ],
290 silly audit   accepts: [ '1.3.8' ],
290 silly audit   'array-flatten': [ '1.1.1' ],
290 silly audit   'body-parser': [ '1.20.5' ],
290 silly audit   'content-disposition': [ '0.5.4' ],
290 silly audit   'content-type': [ '1.0.5' ],
290 silly audit   cookie: [ '0.7.2' ],
290 silly audit   'cookie-signature': [ '1.0.7' ],
290 silly audit   depd: [ '2.0.0' ],
290 silly audit   encodeurl: [ '2.0.0' ],
290 silly audit   'escape-html': [ '1.0.3' ],
290 silly audit   etag: [ '1.8.1' ],
290 silly audit   finalhandler: [ '1.3.2' ],
290 silly audit   fresh: [ '0.5.2' ],
290 silly audit   'http-errors': [ '2.0.1' ],
290 silly audit   'merge-descriptors': [ '1.0.3' ],
290 silly audit   methods: [ '1.1.2' ],
290 silly audit   'on-finished': [ '2.4.1' ],
290 silly audit   parseurl: [ '1.3.3' ],
290 silly audit   'path-to-regexp': [ '0.1.13' ],
290 silly audit   'proxy-addr': [ '2.0.7' ],
290 silly audit   qs: [ '6.14.2', '6.15.1' ],
290 silly audit   'range-parser': [ '1.2.1' ],
290 silly audit   'safe-buffer': [ '5.2.1' ],
290 silly audit   send: [ '0.19.2' ],
290 silly audit   'serve-static': [ '1.16.3' ],
290 silly audit   setprototypeof: [ '1.2.0' ],
290 silly audit   statuses: [ '2.0.2' ],
290 silly audit   'type-is': [ '1.6.18' ],
290 silly audit   'utils-merge': [ '1.0.1' ],
290 silly audit   vary: [ '1.1.2' ],
290 silly audit   negotiator: [ '0.6.3' ],
290 silly audit   bytes: [ '3.1.2' ],
290 silly audit   destroy: [ '1.2.0' ],
290 silly audit   'iconv-lite': [ '0.4.24' ],
290 silly audit   'raw-body': [ '2.5.3' ],
290 silly audit   unpipe: [ '1.0.0' ],
290 silly audit   inherits: [ '2.0.4' ],
290 silly audit   toidentifier: [ '1.0.1' ],
290 silly audit   'safer-buffer': [ '2.1.2' ],
290 silly audit   'ee-first': [ '1.1.1' ],
290 silly audit   forwarded: [ '0.2.0' ],
290 silly audit   'ipaddr.js': [ '1.9.1' ],
290 silly audit   mime: [ '1.6.0' ],
290 silly audit   'media-typer': [ '0.3.0' ]
290 silly audit }
291 verbose reify failed optional dependency D:\NaviMailX\node_modules\fsevents
292 silly reify mark deleted [ 'D:\\NaviMailX\\node_modules\\fsevents' ]
293 verbose reify failed optional dependency D:\NaviMailX\node_modules\@unrs\resolver-binding-win32-ia32-msvc
294 silly reify mark deleted [
294 silly reify   'D:\\NaviMailX\\node_modules\\@unrs\\resolver-binding-win32-ia32-msvc'
294 silly reify ]
295 verbose reify failed optional dependency D:\NaviMailX\node_modules\@unrs\resolver-binding-win32-arm64-msvc
296 silly reify mark deleted [
296 silly reify   'D:\\NaviMailX\\node_modules\\@unrs\\resolver-binding-win32-arm64-msvc'
296 silly reify ]
297 verbose reify failed optional dependency D:\NaviMailX\node_modules\@unrs\resolver-binding-wasm32-wasi
298 silly reify mark deleted [ 'D:\\NaviMailX\\node_modules\\@unrs\\resolver-binding-wasm32-wasi' ]
299 verbose reify failed optional dependency D:\NaviMailX\node_modules\@napi-rs\wasm-runtime
300 silly reify mark deleted [ 'D:\\NaviMailX\\node_modules\\@napi-rs\\wasm-runtime' ]
301 verbose reify failed optional dependency D:\NaviMailX\node_modules\@emnapi\core
302 silly reify mark deleted [ 'D:\\NaviMailX\\node_modules\\@emnapi\\core' ]
303 verbose reify failed optional dependency D:\NaviMailX\node_modules\@tybys\wasm-util
304 silly reify mark deleted [ 'D:\\NaviMailX\\node_modules\\@tybys\\wasm-util' ]
305 verbose reify failed optional dependency D:\NaviMailX\node_modules\@emnapi\wasi-threads
306 silly reify mark deleted [ 'D:\\NaviMailX\\node_modules\\@emnapi\\wasi-threads' ]
307 verbose reify failed optional dependency D:\NaviMailX\node_modules\@unrs\resolver-binding-linux-x64-musl
308 silly reify mark deleted [
308 silly reify   'D:\\NaviMailX\\node_modules\\@unrs\\resolver-binding-linux-x64-musl'
308 silly reify ]
309 verbose reify failed optional dependency D:\NaviMailX\node_modules\@unrs\resolver-binding-linux-x64-gnu
310 silly reify mark deleted [
310 silly reify   'D:\\NaviMailX\\node_modules\\@unrs\\resolver-binding-linux-x64-gnu'
310 silly reify ]
311 verbose reify failed optional dependency D:\NaviMailX\node_modules\@unrs\resolver-binding-linux-s390x-gnu
312 silly reify mark deleted [
312 silly reify   'D:\\NaviMailX\\node_modules\\@unrs\\resolver-binding-linux-s390x-gnu'
312 silly reify ]
313 verbose reify failed optional dependency D:\NaviMailX\node_modules\@unrs\resolver-binding-linux-riscv64-musl
314 silly reify mark deleted [
314 silly reify   'D:\\NaviMailX\\node_modules\\@unrs\\resolver-binding-linux-riscv64-musl'
314 silly reify ]
315 verbose reify failed optional dependency D:\NaviMailX\node_modules\@unrs\resolver-binding-linux-riscv64-gnu
316 silly reify mark deleted [
316 silly reify   'D:\\NaviMailX\\node_modules\\@unrs\\resolver-binding-linux-riscv64-gnu'
316 silly reify ]
317 verbose reify failed optional dependency D:\NaviMailX\node_modules\@unrs\resolver-binding-linux-ppc64-gnu
318 silly reify mark deleted [
318 silly reify   'D:\\NaviMailX\\node_modules\\@unrs\\resolver-binding-linux-ppc64-gnu'
318 silly reify ]
319 verbose reify failed optional dependency D:\NaviMailX\node_modules\@unrs\resolver-binding-linux-arm64-musl
320 silly reify mark deleted [
320 silly reify   'D:\\NaviMailX\\node_modules\\@unrs\\resolver-binding-linux-arm64-musl'
320 silly reify ]
321 verbose reify failed optional dependency D:\NaviMailX\node_modules\@unrs\resolver-binding-linux-arm64-gnu
322 silly reify mark deleted [
322 silly reify   'D:\\NaviMailX\\node_modules\\@unrs\\resolver-binding-linux-arm64-gnu'
322 silly reify ]
323 verbose reify failed optional dependency D:\NaviMailX\node_modules\@unrs\resolver-binding-linux-arm-musleabihf
324 silly reify mark deleted [
324 silly reify   'D:\\NaviMailX\\node_modules\\@unrs\\resolver-binding-linux-arm-musleabihf'
324 silly reify ]
325 verbose reify failed optional dependency D:\NaviMailX\node_modules\@unrs\resolver-binding-linux-arm-gnueabihf
326 silly reify mark deleted [
326 silly reify   'D:\\NaviMailX\\node_modules\\@unrs\\resolver-binding-linux-arm-gnueabihf'
326 silly reify ]
327 verbose reify failed optional dependency D:\NaviMailX\node_modules\@unrs\resolver-binding-freebsd-x64
328 silly reify mark deleted [ 'D:\\NaviMailX\\node_modules\\@unrs\\resolver-binding-freebsd-x64' ]
329 verbose reify failed optional dependency D:\NaviMailX\node_modules\@unrs\resolver-binding-darwin-x64
330 silly reify mark deleted [ 'D:\\NaviMailX\\node_modules\\@unrs\\resolver-binding-darwin-x64' ]
331 verbose reify failed optional dependency D:\NaviMailX\node_modules\@unrs\resolver-binding-darwin-arm64
332 silly reify mark deleted [ 'D:\\NaviMailX\\node_modules\\@unrs\\resolver-binding-darwin-arm64' ]
333 verbose reify failed optional dependency D:\NaviMailX\node_modules\@unrs\resolver-binding-android-arm64
334 silly reify mark deleted [
334 silly reify   'D:\\NaviMailX\\node_modules\\@unrs\\resolver-binding-android-arm64'
334 silly reify ]
335 verbose reify failed optional dependency D:\NaviMailX\node_modules\@unrs\resolver-binding-android-arm-eabi
336 silly reify mark deleted [
336 silly reify   'D:\\NaviMailX\\node_modules\\@unrs\\resolver-binding-android-arm-eabi'
336 silly reify ]
337 verbose reify failed optional dependency D:\NaviMailX\node_modules\@next\swc-win32-arm64-msvc
338 silly reify mark deleted [ 'D:\\NaviMailX\\node_modules\\@next\\swc-win32-arm64-msvc' ]
339 verbose reify failed optional dependency D:\NaviMailX\node_modules\@next\swc-linux-x64-musl
340 silly reify mark deleted [ 'D:\\NaviMailX\\node_modules\\@next\\swc-linux-x64-musl' ]
341 verbose reify failed optional dependency D:\NaviMailX\node_modules\@next\swc-linux-x64-gnu
342 silly reify mark deleted [ 'D:\\NaviMailX\\node_modules\\@next\\swc-linux-x64-gnu' ]
343 verbose reify failed optional dependency D:\NaviMailX\node_modules\@next\swc-linux-arm64-musl
344 silly reify mark deleted [ 'D:\\NaviMailX\\node_modules\\@next\\swc-linux-arm64-musl' ]
345 verbose reify failed optional dependency D:\NaviMailX\node_modules\@next\swc-linux-arm64-gnu
346 silly reify mark deleted [ 'D:\\NaviMailX\\node_modules\\@next\\swc-linux-arm64-gnu' ]
347 verbose reify failed optional dependency D:\NaviMailX\node_modules\@next\swc-darwin-x64
348 silly reify mark deleted [ 'D:\\NaviMailX\\node_modules\\@next\\swc-darwin-x64' ]
349 verbose reify failed optional dependency D:\NaviMailX\node_modules\@next\swc-darwin-arm64
350 silly reify mark deleted [ 'D:\\NaviMailX\\node_modules\\@next\\swc-darwin-arm64' ]
351 verbose reify failed optional dependency D:\NaviMailX\node_modules\@img\sharp-win32-ia32
352 silly reify mark deleted [ 'D:\\NaviMailX\\node_modules\\@img\\sharp-win32-ia32' ]
353 verbose reify failed optional dependency D:\NaviMailX\node_modules\@img\sharp-win32-arm64
354 silly reify mark deleted [ 'D:\\NaviMailX\\node_modules\\@img\\sharp-win32-arm64' ]
355 verbose reify failed optional dependency D:\NaviMailX\node_modules\@img\sharp-wasm32
356 silly reify mark deleted [ 'D:\\NaviMailX\\node_modules\\@img\\sharp-wasm32' ]
357 verbose reify failed optional dependency D:\NaviMailX\node_modules\@img\sharp-linuxmusl-x64
358 silly reify mark deleted [ 'D:\\NaviMailX\\node_modules\\@img\\sharp-linuxmusl-x64' ]
359 verbose reify failed optional dependency D:\NaviMailX\node_modules\@img\sharp-linuxmusl-arm64
360 silly reify mark deleted [ 'D:\\NaviMailX\\node_modules\\@img\\sharp-linuxmusl-arm64' ]
361 verbose reify failed optional dependency D:\NaviMailX\node_modules\@img\sharp-linux-x64
362 silly reify mark deleted [ 'D:\\NaviMailX\\node_modules\\@img\\sharp-linux-x64' ]
363 verbose reify failed optional dependency D:\NaviMailX\node_modules\@img\sharp-linux-s390x
364 silly reify mark deleted [ 'D:\\NaviMailX\\node_modules\\@img\\sharp-linux-s390x' ]
365 verbose reify failed optional dependency D:\NaviMailX\node_modules\@img\sharp-linux-riscv64
366 silly reify mark deleted [ 'D:\\NaviMailX\\node_modules\\@img\\sharp-linux-riscv64' ]
367 verbose reify failed optional dependency D:\NaviMailX\node_modules\@img\sharp-linux-ppc64
368 silly reify mark deleted [ 'D:\\NaviMailX\\node_modules\\@img\\sharp-linux-ppc64' ]
369 verbose reify failed optional dependency D:\NaviMailX\node_modules\@img\sharp-linux-arm64
370 silly reify mark deleted [ 'D:\\NaviMailX\\node_modules\\@img\\sharp-linux-arm64' ]
371 verbose reify failed optional dependency D:\NaviMailX\node_modules\@img\sharp-linux-arm
372 silly reify mark deleted [ 'D:\\NaviMailX\\node_modules\\@img\\sharp-linux-arm' ]
373 verbose reify failed optional dependency D:\NaviMailX\node_modules\@img\sharp-libvips-linuxmusl-x64
374 silly reify mark deleted [ 'D:\\NaviMailX\\node_modules\\@img\\sharp-libvips-linuxmusl-x64' ]
375 verbose reify failed optional dependency D:\NaviMailX\node_modules\@img\sharp-libvips-linuxmusl-arm64
376 silly reify mark deleted [ 'D:\\NaviMailX\\node_modules\\@img\\sharp-libvips-linuxmusl-arm64' ]
377 verbose reify failed optional dependency D:\NaviMailX\node_modules\@img\sharp-libvips-linux-x64
378 silly reify mark deleted [ 'D:\\NaviMailX\\node_modules\\@img\\sharp-libvips-linux-x64' ]
379 verbose reify failed optional dependency D:\NaviMailX\node_modules\@img\sharp-libvips-linux-s390x
380 silly reify mark deleted [ 'D:\\NaviMailX\\node_modules\\@img\\sharp-libvips-linux-s390x' ]
381 verbose reify failed optional dependency D:\NaviMailX\node_modules\@img\sharp-libvips-linux-riscv64
382 silly reify mark deleted [ 'D:\\NaviMailX\\node_modules\\@img\\sharp-libvips-linux-riscv64' ]
383 verbose reify failed optional dependency D:\NaviMailX\node_modules\@img\sharp-libvips-linux-ppc64
384 silly reify mark deleted [ 'D:\\NaviMailX\\node_modules\\@img\\sharp-libvips-linux-ppc64' ]
385 verbose reify failed optional dependency D:\NaviMailX\node_modules\@img\sharp-libvips-linux-arm64
386 silly reify mark deleted [ 'D:\\NaviMailX\\node_modules\\@img\\sharp-libvips-linux-arm64' ]
387 verbose reify failed optional dependency D:\NaviMailX\node_modules\@img\sharp-libvips-linux-arm
388 silly reify mark deleted [ 'D:\\NaviMailX\\node_modules\\@img\\sharp-libvips-linux-arm' ]
389 verbose reify failed optional dependency D:\NaviMailX\node_modules\@img\sharp-libvips-darwin-x64
390 silly reify mark deleted [ 'D:\\NaviMailX\\node_modules\\@img\\sharp-libvips-darwin-x64' ]
391 verbose reify failed optional dependency D:\NaviMailX\node_modules\@img\sharp-libvips-darwin-arm64
392 silly reify mark deleted [ 'D:\\NaviMailX\\node_modules\\@img\\sharp-libvips-darwin-arm64' ]
393 verbose reify failed optional dependency D:\NaviMailX\node_modules\@img\sharp-darwin-x64
394 silly reify mark deleted [ 'D:\\NaviMailX\\node_modules\\@img\\sharp-darwin-x64' ]
395 verbose reify failed optional dependency D:\NaviMailX\node_modules\@img\sharp-darwin-arm64
396 silly reify mark deleted [ 'D:\\NaviMailX\\node_modules\\@img\\sharp-darwin-arm64' ]
397 silly tarball no local data for media-typer@https://registry.npmjs.org/media-typer/-/media-typer-0.3.0.tgz. Extracting by manifest.
398 silly tarball no local data for mime@https://registry.npmjs.org/mime/-/mime-1.6.0.tgz. Extracting by manifest.
399 silly tarball no local data for ipaddr.js@https://registry.npmjs.org/ipaddr.js/-/ipaddr.js-1.9.1.tgz. Extracting by manifest.
400 silly tarball no local data for forwarded@https://registry.npmjs.org/forwarded/-/forwarded-0.2.0.tgz. Extracting by manifest.
401 silly tarball no local data for ee-first@https://registry.npmjs.org/ee-first/-/ee-first-1.1.1.tgz. Extracting by manifest.
402 silly tarball no local data for safer-buffer@https://registry.npmjs.org/safer-buffer/-/safer-buffer-2.1.2.tgz. Extracting by manifest.
403 silly tarball no local data for toidentifier@https://registry.npmjs.org/toidentifier/-/toidentifier-1.0.1.tgz. Extracting by manifest.
404 silly tarball no local data for unpipe@https://registry.npmjs.org/unpipe/-/unpipe-1.0.0.tgz. Extracting by manifest.
405 silly tarball no local data for inherits@https://registry.npmjs.org/inherits/-/inherits-2.0.4.tgz. Extracting by manifest.
406 silly tarball no local data for raw-body@https://registry.npmjs.org/raw-body/-/raw-body-2.5.3.tgz. Extracting by manifest.
407 silly tarball no local data for destroy@https://registry.npmjs.org/destroy/-/destroy-1.2.0.tgz. Extracting by manifest.
408 silly tarball no local data for iconv-lite@https://registry.npmjs.org/iconv-lite/-/iconv-lite-0.4.24.tgz. Extracting by manifest.
409 silly tarball no local data for bytes@https://registry.npmjs.org/bytes/-/bytes-3.1.2.tgz. Extracting by manifest.
410 silly tarball no local data for negotiator@https://registry.npmjs.org/negotiator/-/negotiator-0.6.3.tgz. Extracting by manifest.
411 silly tarball no local data for vary@https://registry.npmjs.org/vary/-/vary-1.1.2.tgz. Extracting by manifest.
412 silly tarball no local data for utils-merge@https://registry.npmjs.org/utils-merge/-/utils-merge-1.0.1.tgz. Extracting by manifest.
413 silly tarball no local data for type-is@https://registry.npmjs.org/type-is/-/type-is-1.6.18.tgz. Extracting by manifest.
414 silly tarball no local data for statuses@https://registry.npmjs.org/statuses/-/statuses-2.0.2.tgz. Extracting by manifest.
415 silly tarball no local data for setprototypeof@https://registry.npmjs.org/setprototypeof/-/setprototypeof-1.2.0.tgz. Extracting by manifest.
416 silly tarball no local data for serve-static@https://registry.npmjs.org/serve-static/-/serve-static-1.16.3.tgz. Extracting by manifest.
417 silly tarball no local data for send@https://registry.npmjs.org/send/-/send-0.19.2.tgz. Extracting by manifest.
418 silly tarball no local data for safe-buffer@https://registry.npmjs.org/safe-buffer/-/safe-buffer-5.2.1.tgz. Extracting by manifest.
419 silly tarball no local data for range-parser@https://registry.npmjs.org/range-parser/-/range-parser-1.2.1.tgz. Extracting by manifest.
420 silly tarball no local data for proxy-addr@https://registry.npmjs.org/proxy-addr/-/proxy-addr-2.0.7.tgz. Extracting by manifest.
421 silly tarball no local data for qs@https://registry.npmjs.org/qs/-/qs-6.14.2.tgz. Extracting by manifest.
422 silly tarball no local data for on-finished@https://registry.npmjs.org/on-finished/-/on-finished-2.4.1.tgz. Extracting by manifest.
423 silly tarball no local data for path-to-regexp@https://registry.npmjs.org/path-to-regexp/-/path-to-regexp-0.1.13.tgz. Extracting by manifest.
424 silly tarball no local data for methods@https://registry.npmjs.org/methods/-/methods-1.1.2.tgz. Extracting by manifest.
425 silly tarball no local data for merge-descriptors@https://registry.npmjs.org/merge-descriptors/-/merge-descriptors-1.0.3.tgz. Extracting by manifest.
426 silly tarball no local data for parseurl@https://registry.npmjs.org/parseurl/-/parseurl-1.3.3.tgz. Extracting by manifest.
427 silly tarball no local data for fresh@https://registry.npmjs.org/fresh/-/fresh-0.5.2.tgz. Extracting by manifest.
428 silly tarball no local data for http-errors@https://registry.npmjs.org/http-errors/-/http-errors-2.0.1.tgz. Extracting by manifest.
429 silly tarball no local data for etag@https://registry.npmjs.org/etag/-/etag-1.8.1.tgz. Extracting by manifest.
430 silly tarball no local data for finalhandler@https://registry.npmjs.org/finalhandler/-/finalhandler-1.3.2.tgz. Extracting by manifest.
431 silly tarball no local data for depd@https://registry.npmjs.org/depd/-/depd-2.0.0.tgz. Extracting by manifest.
432 silly tarball no local data for encodeurl@https://registry.npmjs.org/encodeurl/-/encodeurl-2.0.0.tgz. Extracting by manifest.
433 silly tarball no local data for escape-html@https://registry.npmjs.org/escape-html/-/escape-html-1.0.3.tgz. Extracting by manifest.
434 silly tarball no local data for cookie-signature@https://registry.npmjs.org/cookie-signature/-/cookie-signature-1.0.7.tgz. Extracting by manifest.
435 silly tarball no local data for cookie@https://registry.npmjs.org/cookie/-/cookie-0.7.2.tgz. Extracting by manifest.
436 silly tarball no local data for content-type@https://registry.npmjs.org/content-type/-/content-type-1.0.5.tgz. Extracting by manifest.
437 silly tarball no local data for body-parser@https://registry.npmjs.org/body-parser/-/body-parser-1.20.5.tgz. Extracting by manifest.
438 silly tarball no local data for accepts@https://registry.npmjs.org/accepts/-/accepts-1.3.8.tgz. Extracting by manifest.
439 silly tarball no local data for content-disposition@https://registry.npmjs.org/content-disposition/-/content-disposition-0.5.4.tgz. Extracting by manifest.
440 silly tarball no local data for express@https://registry.npmjs.org/express/-/express-4.22.1.tgz. Extracting by manifest.
441 silly tarball no local data for array-flatten@https://registry.npmjs.org/array-flatten/-/array-flatten-1.1.1.tgz. Extracting by manifest.
442 silly tarball no local data for ms@https://registry.npmjs.org/ms/-/ms-2.0.0.tgz. Extracting by manifest.
443 silly tarball no local data for debug@https://registry.npmjs.org/debug/-/debug-2.6.9.tgz. Extracting by manifest.
444 silly tarball no local data for debug@https://registry.npmjs.org/debug/-/debug-2.6.9.tgz. Extracting by manifest.
445 silly tarball no local data for ms@https://registry.npmjs.org/ms/-/ms-2.0.0.tgz. Extracting by manifest.
446 silly tarball no local data for ms@https://registry.npmjs.org/ms/-/ms-2.0.0.tgz. Extracting by manifest.
447 silly tarball no local data for ms@https://registry.npmjs.org/ms/-/ms-2.0.0.tgz. Extracting by manifest.
448 silly tarball no local data for debug@https://registry.npmjs.org/debug/-/debug-2.6.9.tgz. Extracting by manifest.
449 silly tarball no local data for qs@https://registry.npmjs.org/qs/-/qs-6.15.1.tgz. Extracting by manifest.
450 silly tarball no local data for debug@https://registry.npmjs.org/debug/-/debug-2.6.9.tgz. Extracting by manifest.
451 http fetch POST 200 https://registry.npmjs.org/-/npm/v1/security/advisories/bulk 441ms
452 silly audit report {
452 silly audit report   postcss: [
452 silly audit report     {
452 silly audit report       id: 1117015,
452 silly audit report       url: 'https://github.com/advisories/GHSA-qx2v-qp2m-jg93',
452 silly audit report       title: 'PostCSS has XSS via Unescaped </style> in its CSS Stringify Output',
452 silly audit report       severity: 'moderate',
452 silly audit report       vulnerable_versions: '<8.5.10',
452 silly audit report       cwe: [Array],
452 silly audit report       cvss: [Object]
452 silly audit report     }
452 silly audit report   ],
452 silly audit report   uuid: [
452 silly audit report     {
452 silly audit report       id: 1116970,
452 silly audit report       url: 'https://github.com/advisories/GHSA-w5hq-g745-h8pq',
452 silly audit report       title: 'uuid: Missing buffer bounds check in v3/v5/v6 when buf is provided',
452 silly audit report       severity: 'moderate',
452 silly audit report       vulnerable_versions: '<14.0.0',
452 silly audit report       cwe: [Array],
452 silly audit report       cvss: [Object]
452 silly audit report     }
452 silly audit report   ]
452 silly audit report }
453 silly packumentCache corgi:https://registry.npmjs.org/postcss cache-miss
454 silly packumentCache corgi:https://registry.npmjs.org/uuid cache-miss
455 http fetch GET 200 https://registry.npmjs.org/ipaddr.js/-/ipaddr.js-1.9.1.tgz 603ms (cache miss)
456 http fetch GET 200 https://registry.npmjs.org/utils-merge/-/utils-merge-1.0.1.tgz 600ms (cache miss)
457 http fetch GET 200 https://registry.npmjs.org/ee-first/-/ee-first-1.1.1.tgz 627ms (cache miss)
458 http fetch GET 200 https://registry.npmjs.org/toidentifier/-/toidentifier-1.0.1.tgz 626ms (cache miss)
459 http fetch GET 200 https://registry.npmjs.org/setprototypeof/-/setprototypeof-1.2.0.tgz 611ms (cache miss)
460 http fetch GET 200 https://registry.npmjs.org/unpipe/-/unpipe-1.0.0.tgz 636ms (cache miss)
461 http fetch GET 200 https://registry.npmjs.org/methods/-/methods-1.1.2.tgz 608ms (cache miss)
462 http fetch GET 200 https://registry.npmjs.org/path-to-regexp/-/path-to-regexp-0.1.13.tgz 611ms (cache miss)
463 http fetch GET 200 https://registry.npmjs.org/media-typer/-/media-typer-0.3.0.tgz 653ms (cache miss)
464 http fetch GET 200 https://registry.npmjs.org/raw-body/-/raw-body-2.5.3.tgz 640ms (cache miss)
465 http fetch GET 200 https://registry.npmjs.org/forwarded/-/forwarded-0.2.0.tgz 649ms (cache miss)
466 http fetch GET 200 https://registry.npmjs.org/vary/-/vary-1.1.2.tgz 635ms (cache miss)
467 http fetch GET 200 https://registry.npmjs.org/merge-descriptors/-/merge-descriptors-1.0.3.tgz 616ms (cache miss)
468 http fetch GET 200 https://registry.npmjs.org/inherits/-/inherits-2.0.4.tgz 654ms (cache miss)
469 http fetch GET 200 https://registry.npmjs.org/on-finished/-/on-finished-2.4.1.tgz 637ms (cache miss)
470 http fetch GET 200 https://registry.npmjs.org/cookie-signature/-/cookie-signature-1.0.7.tgz 622ms (cache miss)
471 http fetch GET 200 https://registry.npmjs.org/encodeurl/-/encodeurl-2.0.0.tgz 625ms (cache miss)
472 http fetch GET 200 https://registry.npmjs.org/type-is/-/type-is-1.6.18.tgz 660ms (cache miss)
473 http fetch GET 200 https://registry.npmjs.org/ms/-/ms-2.0.0.tgz 618ms (cache miss)
474 http fetch GET 200 https://registry.npmjs.org/proxy-addr/-/proxy-addr-2.0.7.tgz 659ms (cache miss)
475 http fetch GET 200 https://registry.npmjs.org/range-parser/-/range-parser-1.2.1.tgz 665ms (cache miss)
476 http fetch GET 200 https://registry.npmjs.org/serve-static/-/serve-static-1.16.3.tgz 675ms (cache miss)
477 http fetch GET 200 https://registry.npmjs.org/fresh/-/fresh-0.5.2.tgz 657ms (cache miss)
478 http fetch GET 200 https://registry.npmjs.org/etag/-/etag-1.8.1.tgz 655ms (cache miss)
479 http fetch GET 200 https://registry.npmjs.org/destroy/-/destroy-1.2.0.tgz 688ms (cache miss)
480 http fetch GET 200 https://registry.npmjs.org/array-flatten/-/array-flatten-1.1.1.tgz 638ms (cache miss)
481 http fetch GET 200 https://registry.npmjs.org/parseurl/-/parseurl-1.3.3.tgz 665ms (cache miss)
482 http fetch GET 200 https://registry.npmjs.org/cookie/-/cookie-0.7.2.tgz 654ms (cache miss)
483 http fetch GET 200 https://registry.npmjs.org/escape-html/-/escape-html-1.0.3.tgz 657ms (cache miss)
484 http fetch GET 200 https://registry.npmjs.org/statuses/-/statuses-2.0.2.tgz 693ms (cache miss)
485 http fetch GET 200 https://registry.npmjs.org/accepts/-/accepts-1.3.8.tgz 661ms (cache miss)
486 http fetch GET 200 https://registry.npmjs.org/ms/-/ms-2.0.0.tgz 646ms (cache miss)
487 http fetch GET 200 https://registry.npmjs.org/ms/-/ms-2.0.0.tgz 647ms (cache miss)
488 http fetch GET 200 https://registry.npmjs.org/ms/-/ms-2.0.0.tgz 646ms (cache miss)
489 http fetch GET 200 https://registry.npmjs.org/content-type/-/content-type-1.0.5.tgz 666ms (cache miss)
490 http fetch GET 200 https://registry.npmjs.org/bytes/-/bytes-3.1.2.tgz 710ms (cache miss)
491 http fetch GET 200 https://registry.npmjs.org/send/-/send-0.19.2.tgz 710ms (cache miss)
492 http fetch GET 200 https://registry.npmjs.org/safer-buffer/-/safer-buffer-2.1.2.tgz 742ms (cache miss)
493 http fetch GET 200 https://registry.npmjs.org/depd/-/depd-2.0.0.tgz 701ms (cache miss)
494 http fetch GET 200 https://registry.npmjs.org/http-errors/-/http-errors-2.0.1.tgz 714ms (cache miss)
495 http fetch GET 200 https://registry.npmjs.org/postcss 389ms (cache revalidated)
496 silly packumentCache corgi:https://registry.npmjs.org/postcss set size:340497 disposed:false
497 http fetch GET 200 https://registry.npmjs.org/finalhandler/-/finalhandler-1.3.2.tgz 727ms (cache miss)
498 http fetch GET 200 https://registry.npmjs.org/uuid 402ms (cache revalidated)
499 silly packumentCache corgi:https://registry.npmjs.org/uuid set size:72733 disposed:false
500 silly packumentCache corgi:https://registry.npmjs.org/next cache-miss
501 http fetch GET 200 https://registry.npmjs.org/content-disposition/-/content-disposition-0.5.4.tgz 737ms (cache miss)
502 http fetch GET 200 https://registry.npmjs.org/safe-buffer/-/safe-buffer-5.2.1.tgz 780ms (cache miss)
503 http fetch GET 200 https://registry.npmjs.org/negotiator/-/negotiator-0.6.3.tgz 835ms (cache miss)
504 http fetch GET 200 https://registry.npmjs.org/mime/-/mime-1.6.0.tgz 854ms (cache miss)
505 http fetch GET 200 https://registry.npmjs.org/body-parser/-/body-parser-1.20.5.tgz 819ms (cache miss)
506 http fetch GET 200 https://registry.npmjs.org/debug/-/debug-2.6.9.tgz 862ms (cache miss)
507 http fetch GET 200 https://registry.npmjs.org/next 241ms (cache revalidated)
508 silly packumentCache corgi:https://registry.npmjs.org/next set size:24786150 disposed:false
509 http fetch GET 200 https://registry.npmjs.org/debug/-/debug-2.6.9.tgz 2174ms (cache miss)
510 http fetch GET 200 https://registry.npmjs.org/debug/-/debug-2.6.9.tgz 2192ms (cache miss)
511 http fetch GET 200 https://registry.npmjs.org/debug/-/debug-2.6.9.tgz 2179ms (cache miss)
512 http fetch GET 200 https://registry.npmjs.org/express/-/express-4.22.1.tgz 2248ms (cache miss)
513 http fetch GET 200 https://registry.npmjs.org/qs/-/qs-6.14.2.tgz 2286ms (cache miss)
514 http fetch GET 200 https://registry.npmjs.org/qs/-/qs-6.15.1.tgz 2269ms (cache miss)
515 http fetch GET 200 https://registry.npmjs.org/iconv-lite/-/iconv-lite-0.4.24.tgz 2372ms (cache miss)
516 silly ADD node_modules/media-typer
517 silly ADD node_modules/mime
518 silly ADD node_modules/ipaddr.js
519 silly ADD node_modules/forwarded
520 silly ADD node_modules/ee-first
521 silly ADD node_modules/safer-buffer
522 silly ADD node_modules/toidentifier
523 silly ADD node_modules/inherits
524 silly ADD node_modules/unpipe
525 silly ADD node_modules/raw-body
526 silly ADD node_modules/iconv-lite
527 silly ADD node_modules/destroy
528 silly ADD node_modules/bytes
529 silly ADD node_modules/negotiator
530 silly ADD node_modules/vary
531 silly ADD node_modules/utils-merge
532 silly ADD node_modules/type-is
533 silly ADD node_modules/statuses
534 silly ADD node_modules/setprototypeof
535 silly ADD node_modules/serve-static
536 silly ADD node_modules/send
537 silly ADD node_modules/send/node_modules/debug
538 silly ADD node_modules/send/node_modules/debug/node_modules/ms
539 silly ADD node_modules/safe-buffer
540 silly ADD node_modules/range-parser
541 silly ADD node_modules/qs
542 silly ADD node_modules/proxy-addr
543 silly ADD node_modules/path-to-regexp
544 silly ADD node_modules/parseurl
545 silly ADD node_modules/on-finished
546 silly ADD node_modules/methods
547 silly ADD node_modules/merge-descriptors
548 silly ADD node_modules/http-errors
549 silly ADD node_modules/fresh
550 silly ADD node_modules/finalhandler
551 silly ADD node_modules/finalhandler/node_modules/ms
552 silly ADD node_modules/finalhandler/node_modules/debug
553 silly ADD node_modules/etag
554 silly ADD node_modules/escape-html
555 silly ADD node_modules/encodeurl
556 silly ADD node_modules/depd
557 silly ADD node_modules/cookie-signature
558 silly ADD node_modules/cookie
559 silly ADD node_modules/content-type
560 silly ADD node_modules/content-disposition
561 silly ADD node_modules/body-parser
562 silly ADD node_modules/body-parser/node_modules/ms
563 silly ADD node_modules/body-parser/node_modules/qs
564 silly ADD node_modules/body-parser/node_modules/debug
565 silly ADD node_modules/array-flatten
566 silly ADD node_modules/accepts
567 silly ADD node_modules/express
568 silly ADD node_modules/express/node_modules/ms
569 silly ADD node_modules/express/node_modules/debug
570 silly ADD
571 silly ADD
572 silly ADD
573 silly ADD
574 silly ADD
575 silly ADD
576 silly ADD
577 silly ADD
578 silly ADD
579 silly ADD
580 silly ADD
581 silly ADD
582 silly ADD
583 silly ADD
584 silly ADD
585 silly ADD
586 silly ADD
587 silly ADD
588 silly ADD
589 silly ADD
590 silly ADD
591 silly ADD
592 silly ADD
593 silly ADD
594 silly ADD
595 silly ADD
596 silly ADD
597 silly ADD
598 silly ADD
599 silly ADD
600 silly ADD
601 silly ADD
602 silly ADD
603 silly ADD
604 silly ADD
605 silly ADD
606 silly ADD
607 silly ADD
608 silly ADD
609 silly ADD
610 silly ADD
611 silly ADD
612 silly ADD
613 silly ADD
614 silly ADD
615 silly ADD
616 silly ADD
617 silly ADD
618 silly ADD
619 silly ADD
620 silly ADD
621 silly ADD
622 silly ADD
623 verbose cwd D:\NaviMailX
624 verbose os Windows_NT 10.0.26200
625 verbose node v20.19.0
626 verbose npm  v10.8.2
627 verbose exit 0
628 info ok
